<?xml version="1.0" encoding="UTF-8"?>
<testsuite name="TaskTest" tests="2" skipped="0" failures="0" errors="0" timestamp="2016-04-12T18:53:10" hostname="Dillons-MacBook-Pro.local" time="0.002">
  <properties/>
  <testcase name="Task_instantiatesCorrectly_true" classname="TaskTest" time="0.001"/>
  <testcase name="Task_instantiatesWithDescription_true" classname="TaskTest" time="0.0"/>
  <system-out><![CDATA[]]></system-out>
  <system-err><![CDATA[]]></system-err>
</testsuite>
